<?xml version="1.0" encoding="UTF-8"?>
<!-- Generated by org.testng.reporters.JUnitReportReporter -->
<testsuite skipped="0" hostname="LAPTOP" name="testCases.ExecuteTest" tests="1" failures="0" timestamp="03 Mar 2021 04:29:20 GMT" time="7.956" errors="0">
  <testcase name="testLogin" time="7.956" classname="testCases.ExecuteTest"/>
</testsuite> <!-- testCases.ExecuteTest -->
